<?xml version="1.0" encoding="UTF-8"?>
<testsuite name="io.github.lottetreg.echo.ConnectionTest" tests="1" skipped="0" failures="0" errors="0" timestamp="2019-04-29T22:14:38" hostname="Charlottes-MacBook-Pro.local" time="0.006">
  <properties/>
  <testcase name="returnsTheAcceptedSocket" classname="io.github.lottetreg.echo.ConnectionTest" time="0.006"/>
  <system-out><![CDATA[]]></system-out>
  <system-err><![CDATA[]]></system-err>
</testsuite>
